Determining if the pthread_create exist failed with the following output:
Change Dir: /home/xiesc/xieshichao/vehicle_control_by_keyboard/build/CMakeFiles/CMakeTmp

Run Build Command:"/usr/bin/make" "cmTC_89f4e/fast"
/usr/bin/make -f CMakeFiles/cmTC_89f4e.dir/build.make CMakeFiles/cmTC_89f4e.dir/build
make[1]: Entering directory '/home/xiesc/xieshichao/vehicle_control_by_keyboard/build/CMakeFiles/CMakeTmp'
Building C object CMakeFiles/cmTC_89f4e.dir/CheckSymbolExists.c.o
/usr/bin/cc     -o CMakeFiles/cmTC_89f4e.dir/CheckSymbolExists.c.o   -c /home/xiesc/xieshichao/vehicle_control_by_keyboard/build/CMakeFiles/CMakeTmp/CheckSymbolExists.c
Linking C executable cmTC_89f4e
/usr/bin/cmake -E cmake_link_script CMakeFiles/cmTC_89f4e.dir/link.txt --verbose=1
/usr/bin/cc       CMakeFiles/cmTC_89f4e.dir/CheckSymbolExists.c.o  -o cmTC_89f4e -rdynamic 
CMakeFiles/cmTC_89f4e.dir/CheckSymbolExists.c.o：在函数‘main’中：
CheckSymbolExists.c:(.text+0x16)：对‘pthread_create’未定义的引用
collect2: error: ld returned 1 exit status
CMakeFiles/cmTC_89f4e.dir/build.make:97: recipe for target 'cmTC_89f4e' failed
make[1]: *** [cmTC_89f4e] Error 1
make[1]: Leaving directory '/home/xiesc/xieshichao/vehicle_control_by_keyboard/build/CMakeFiles/CMakeTmp'
Makefile:126: recipe for target 'cmTC_89f4e/fast' failed
make: *** [cmTC_89f4e/fast] Error 2

File /home/xiesc/xieshichao/vehicle_control_by_keyboard/build/CMakeFiles/CMakeTmp/CheckSymbolExists.c:
/* */
#include <pthread.h>

int main(int argc, char** argv)
{
  (void)argv;
#ifndef pthread_create
  return ((int*)(&pthread_create))[argc];
#else
  (void)argc;
  return 0;
#endif
}

Determining if the function pthread_create exists in the pthreads failed with the following output:
Change Dir: /home/xiesc/xieshichao/vehicle_control_by_keyboard/build/CMakeFiles/CMakeTmp

Run Build Command:"/usr/bin/make" "cmTC_2686c/fast"
/usr/bin/make -f CMakeFiles/cmTC_2686c.dir/build.make CMakeFiles/cmTC_2686c.dir/build
make[1]: Entering directory '/home/xiesc/xieshichao/vehicle_control_by_keyboard/build/CMakeFiles/CMakeTmp'
Building C object CMakeFiles/cmTC_2686c.dir/CheckFunctionExists.c.o
/usr/bin/cc    -DCHECK_FUNCTION_EXISTS=pthread_create   -o CMakeFiles/cmTC_2686c.dir/CheckFunctionExists.c.o   -c /usr/share/cmake-3.5/Modules/CheckFunctionExists.c
Linking C executable cmTC_2686c
/usr/bin/cmake -E cmake_link_script CMakeFiles/cmTC_2686c.dir/link.txt --verbose=1
/usr/bin/cc   -DCHECK_FUNCTION_EXISTS=pthread_create    CMakeFiles/cmTC_2686c.dir/CheckFunctionExists.c.o  -o cmTC_2686c -rdynamic -lpthreads 
/usr/bin/ld: 找不到 -lpthreads
collect2: error: ld returned 1 exit status
CMakeFiles/cmTC_2686c.dir/build.make:97: recipe for target 'cmTC_2686c' failed
make[1]: *** [cmTC_2686c] Error 1
make[1]: Leaving directory '/home/xiesc/xieshichao/vehicle_control_by_keyboard/build/CMakeFiles/CMakeTmp'
Makefile:126: recipe for target 'cmTC_2686c/fast' failed
make: *** [cmTC_2686c/fast] Error 2


